0 info it worked if it ends with ok
1 verbose cli [ '/usr/bin/nodejs', '/usr/bin/npm', 'start' ]
2 info using npm@4.2.0
3 info using node@v7.10.1
4 verbose run-script [ 'prestart', 'start', 'poststart' ]
5 info lifecycle pskwebsite@1.0.0~prestart: pskwebsite@1.0.0
6 silly lifecycle pskwebsite@1.0.0~prestart: no script for prestart, continuing
7 info lifecycle pskwebsite@1.0.0~start: pskwebsite@1.0.0
8 verbose lifecycle pskwebsite@1.0.0~start: unsafe-perm in lifecycle true
9 verbose lifecycle pskwebsite@1.0.0~start: PATH: /usr/lib/node_modules/npm/bin/node-gyp-bin:/home/ubuntu/psk/node_modules/.bin:/home/ubuntu/bin:/home/ubuntu/.local/bin:/usr/local/sbin:/usr/local/bin:/usr/sbin:/usr/bin:/sbin:/bin:/usr/games:/usr/local/games:/snap/bin
10 verbose lifecycle pskwebsite@1.0.0~start: CWD: /home/ubuntu/psk
11 silly lifecycle pskwebsite@1.0.0~start: Args: [ '-c', 'tsc && concurrently "npm run tsc:w" "npm run lite" ' ]
12 silly lifecycle pskwebsite@1.0.0~start: Returned: code: 2  signal: null
13 info lifecycle pskwebsite@1.0.0~start: Failed to exec start script
14 verbose stack Error: pskwebsite@1.0.0 start: `tsc && concurrently "npm run tsc:w" "npm run lite" `
14 verbose stack Exit status 2
14 verbose stack     at EventEmitter.<anonymous> (/usr/lib/node_modules/npm/lib/utils/lifecycle.js:279:16)
14 verbose stack     at emitTwo (events.js:106:13)
14 verbose stack     at EventEmitter.emit (events.js:194:7)
14 verbose stack     at ChildProcess.<anonymous> (/usr/lib/node_modules/npm/lib/utils/spawn.js:40:14)
14 verbose stack     at emitTwo (events.js:106:13)
14 verbose stack     at ChildProcess.emit (events.js:194:7)
14 verbose stack     at maybeClose (internal/child_process.js:899:16)
14 verbose stack     at Process.ChildProcess._handle.onexit (internal/child_process.js:226:5)
15 verbose pkgid pskwebsite@1.0.0
16 verbose cwd /home/ubuntu/psk
17 error Linux 4.4.0-1020-aws
18 error argv "/usr/bin/nodejs" "/usr/bin/npm" "start"
19 error node v7.10.1
20 error npm  v4.2.0
21 error code ELIFECYCLE
22 error errno 2
23 error pskwebsite@1.0.0 start: `tsc && concurrently "npm run tsc:w" "npm run lite" `
23 error Exit status 2
24 error Failed at the pskwebsite@1.0.0 start script 'tsc && concurrently "npm run tsc:w" "npm run lite" '.
24 error Make sure you have the latest version of node.js and npm installed.
24 error If you do, this is most likely a problem with the pskwebsite package,
24 error not with npm itself.
24 error Tell the author that this fails on your system:
24 error     tsc && concurrently "npm run tsc:w" "npm run lite"
24 error You can get information on how to open an issue for this project with:
24 error     npm bugs pskwebsite
24 error Or if that isn't available, you can get their info via:
24 error     npm owner ls pskwebsite
24 error There is likely additional logging output above.
25 verbose exit [ 2, true ]
