0 info it worked if it ends with ok
1 verbose cli [ '/usr/local/Cellar/node/6.3.0/bin/node',
1 verbose cli   '/usr/local/bin/npm',
1 verbose cli   'install' ]
2 info using npm@3.10.5
3 info using node@v6.3.0
4 silly loadCurrentTree Starting
5 silly install loadCurrentTree
6 silly install readLocalPackageData
7 silly install normalizeTree
8 silly loadCurrentTree Finishing
9 silly loadIdealTree Starting
10 silly install loadIdealTree
11 silly cloneCurrentTree Starting
12 silly install cloneCurrentTreeToIdealTree
13 silly cloneCurrentTree Finishing
14 silly loadShrinkwrap Starting
15 silly install loadShrinkwrap
16 silly loadShrinkwrap Finishing
17 silly loadAllDepsIntoIdealTree Starting
18 silly install loadAllDepsIntoIdealTree
19 silly loadAllDepsIntoIdealTree Finishing
20 silly loadIdealTree Finishing
21 silly currentTree pskwebsite@1.0.0
21 silly currentTree ├── @angular/common@2.0.0-rc.4
21 silly currentTree ├── @angular/compiler@2.0.0-rc.4
21 silly currentTree ├── @angular/core@2.0.0-rc.4
21 silly currentTree ├── @angular/forms@0.2.0
21 silly currentTree ├── @angular/http@2.0.0-rc.4
21 silly currentTree ├── @angular/platform-browser-dynamic@2.0.0-rc.4
21 silly currentTree ├── @angular/platform-browser@2.0.0-rc.4
21 silly currentTree ├── @angular/router-deprecated@2.0.0-rc.2
21 silly currentTree ├── @angular/router@3.0.0-beta.1
21 silly currentTree ├── @angular/upgrade@2.0.0-rc.4
21 silly currentTree ├── abbrev@1.0.9
21 silly currentTree ├── accepts@1.2.13
21 silly currentTree ├── after@0.8.1
21 silly currentTree ├─┬ agent-base@2.0.1
21 silly currentTree │ └── semver@5.0.3
21 silly currentTree ├── angular2-in-memory-web-api@0.0.14
21 silly currentTree ├── ansi-align@1.1.0
21 silly currentTree ├── ansi-regex@0.2.1
21 silly currentTree ├── ansi-styles@1.1.0
21 silly currentTree ├── any-promise@1.3.0
21 silly currentTree ├── anymatch@1.3.0
21 silly currentTree ├── archy@1.0.0
21 silly currentTree ├── arr-diff@2.0.0
21 silly currentTree ├── arr-flatten@1.0.1
21 silly currentTree ├── array-uniq@1.0.3
21 silly currentTree ├── array-unique@0.2.1
21 silly currentTree ├── arraybuffer.slice@0.0.6
21 silly currentTree ├── arrify@1.0.1
21 silly currentTree ├── asn1@0.1.11
21 silly currentTree ├── assert-plus@0.1.5
21 silly currentTree ├── async-each-series@0.1.1
21 silly currentTree ├── async-each@1.0.0
21 silly currentTree ├── async@1.5.2
21 silly currentTree ├── aws-sign2@0.6.0
21 silly currentTree ├── backo2@1.0.2
21 silly currentTree ├── balanced-match@0.4.1
21 silly currentTree ├── base64-arraybuffer@0.1.2
21 silly currentTree ├── base64id@0.1.0
21 silly currentTree ├── batch@0.5.3
21 silly currentTree ├── benchmark@1.0.0
21 silly currentTree ├── better-assert@1.0.2
21 silly currentTree ├── binary-extensions@1.5.0
21 silly currentTree ├─┬ bl@1.0.3
21 silly currentTree │ └── readable-stream@2.0.6
21 silly currentTree ├── blob@0.0.4
21 silly currentTree ├── bluebird@2.9.6
21 silly currentTree ├── boom@2.10.1
21 silly currentTree ├── bootstrap@3.3.6
21 silly currentTree ├─┬ boxen@0.6.0
21 silly currentTree │ ├── ansi-regex@2.0.0
21 silly currentTree │ ├── ansi-styles@2.2.1
21 silly currentTree │ ├── camelcase@2.1.1
21 silly currentTree │ ├── chalk@1.1.3
21 silly currentTree │ ├── has-ansi@2.0.0
21 silly currentTree │ ├── strip-ansi@3.0.1
21 silly currentTree │ └── supports-color@2.0.0
21 silly currentTree ├── brace-expansion@1.1.5
21 silly currentTree ├── braces@1.8.5
21 silly currentTree ├── browser-sync-client@2.4.2
21 silly currentTree ├── browser-sync-ui@0.6.0
21 silly currentTree ├─┬ browser-sync@2.13.0
21 silly currentTree │ └── rx@4.1.0
21 silly currentTree ├── bs-recipes@1.2.2
21 silly currentTree ├── buffer-shims@1.0.0
21 silly currentTree ├── builtin-modules@1.1.1
21 silly currentTree ├── callsite@1.0.0
21 silly currentTree ├── camelcase@1.2.1
21 silly currentTree ├── capture-stack-trace@1.0.0
21 silly currentTree ├── caseless@0.11.0
21 silly currentTree ├── chalk@0.5.1
21 silly currentTree ├── chokidar@1.5.1
21 silly currentTree ├── cli-boxes@1.0.0
21 silly currentTree ├─┬ cliui@3.2.0
21 silly currentTree │ ├── ansi-regex@2.0.0
21 silly currentTree │ └── strip-ansi@3.0.1
21 silly currentTree ├── clone@1.0.2
21 silly currentTree ├── code-point-at@1.0.0
21 silly currentTree ├─┬ columnify@1.5.4
21 silly currentTree │ ├── ansi-regex@2.0.0
21 silly currentTree │ └── strip-ansi@3.0.1
21 silly currentTree ├── combined-stream@1.0.5
21 silly currentTree ├── commander@2.6.0
21 silly currentTree ├── component-bind@1.0.0
21 silly currentTree ├── component-emitter@1.1.2
21 silly currentTree ├── component-inherit@0.0.3
21 silly currentTree ├── concat-map@0.0.1
21 silly currentTree ├─┬ concat-stream@1.5.1
21 silly currentTree │ └── readable-stream@2.0.6
21 silly currentTree ├── concurrently@2.2.0
21 silly currentTree ├─┬ configstore@2.0.0
21 silly currentTree │ ├── minimist@0.0.8
21 silly currentTree │ └── mkdirp@0.5.1
21 silly currentTree ├── connect-history-api-fallback@1.2.0
21 silly currentTree ├── connect-logger@0.0.1
21 silly currentTree ├── connect@3.4.1
21 silly currentTree ├── core-js@2.4.0
21 silly currentTree ├── core-util-is@1.0.2
21 silly currentTree ├── create-error-class@3.0.2
21 silly currentTree ├── cross-spawn@0.2.9
21 silly currentTree ├── cryptiles@2.0.5
21 silly currentTree ├── ctype@0.5.3
21 silly currentTree ├── debug@2.2.0
21 silly currentTree ├── decamelize@1.2.0
21 silly currentTree ├── deep-extend@0.4.1
21 silly currentTree ├── defaults@1.0.3
21 silly currentTree ├── delayed-stream@1.0.0
21 silly currentTree ├── depd@1.1.0
21 silly currentTree ├── destroy@1.0.4
21 silly currentTree ├── detect-indent@4.0.0
21 silly currentTree ├── dev-ip@1.0.1
21 silly currentTree ├── dot-prop@2.4.0
21 silly currentTree ├── duplexer2@0.1.4
21 silly currentTree ├─┬ easy-extender@2.3.2
21 silly currentTree │ └── lodash@3.10.1
21 silly currentTree ├── eazy-logger@3.0.2
21 silly currentTree ├── ee-first@1.1.1
21 silly currentTree ├── emitter-steward@1.0.0
21 silly currentTree ├── engine.io-client@1.6.9
21 silly currentTree ├─┬ engine.io-parser@1.2.4
21 silly currentTree │ ├── has-binary@0.1.6
21 silly currentTree │ └── isarray@0.0.1
21 silly currentTree ├─┬ engine.io@1.6.9
21 silly currentTree │ ├── accepts@1.1.4
21 silly currentTree │ ├── mime-db@1.12.0
21 silly currentTree │ ├── mime-types@2.0.14
21 silly currentTree │ └── negotiator@0.4.9
21 silly currentTree ├── error-ex@1.3.0
21 silly currentTree ├── escape-html@1.0.3
21 silly currentTree ├── escape-string-regexp@1.0.5
21 silly currentTree ├── etag@1.7.0
21 silly currentTree ├── eventemitter3@1.2.0
21 silly currentTree ├── expand-brackets@0.1.5
21 silly currentTree ├── expand-range@1.8.2
21 silly currentTree ├─┬ express@2.5.11
21 silly currentTree │ ├── connect@1.9.2
21 silly currentTree │ └── qs@0.4.2
21 silly currentTree ├── extend@3.0.0
21 silly currentTree ├── extglob@0.3.2
21 silly currentTree ├── filename-regex@2.0.0
21 silly currentTree ├── fill-range@2.2.3
21 silly currentTree ├── filled-array@1.1.0
21 silly currentTree ├── finalhandler@0.4.1
21 silly currentTree ├── find-up@1.1.2
21 silly currentTree ├── for-in@0.1.5
21 silly currentTree ├── for-own@0.1.4
21 silly currentTree ├── forever-agent@0.6.1
21 silly currentTree ├── form-data@1.0.0-rc4
21 silly currentTree ├── formidable@1.0.17
21 silly currentTree ├── fresh@0.3.0
21 silly currentTree ├── fs-extra@0.26.7
21 silly currentTree ├── fs.realpath@1.0.0
21 silly currentTree ├─┬ fsevents@1.0.12
21 silly currentTree │ ├── ansi-regex@2.0.0
21 silly currentTree │ ├── ansi-styles@2.2.1
21 silly currentTree │ ├── ansi@0.3.1
21 silly currentTree │ ├── are-we-there-yet@1.1.2
21 silly currentTree │ ├── asn1@0.2.3
21 silly currentTree │ ├── assert-plus@0.2.0
21 silly currentTree │ ├── async@1.5.2
21 silly currentTree │ ├── aws-sign2@0.6.0
21 silly currentTree │ ├─┬ aws4@1.3.2
21 silly currentTree │ │ └─┬ lru-cache@4.0.1
21 silly currentTree │ │   ├── pseudomap@1.0.2
21 silly currentTree │ │   └── yallist@2.0.0
21 silly currentTree │ ├── bl@1.0.3
21 silly currentTree │ ├── block-stream@0.0.8
21 silly currentTree │ ├── boom@2.10.1
21 silly currentTree │ ├── caseless@0.11.0
21 silly currentTree │ ├── chalk@1.1.3
21 silly currentTree │ ├── combined-stream@1.0.5
21 silly currentTree │ ├── commander@2.9.0
21 silly currentTree │ ├── core-util-is@1.0.2
21 silly currentTree │ ├── cryptiles@2.0.5
21 silly currentTree │ ├─┬ dashdash@1.13.0
21 silly currentTree │ │ └── assert-plus@1.0.0
21 silly currentTree │ ├── debug@2.2.0
21 silly currentTree │ ├── deep-extend@0.4.1
21 silly currentTree │ ├── delayed-stream@1.0.0
21 silly currentTree │ ├── delegates@1.0.0
21 silly currentTree │ ├── ecc-jsbn@0.1.1
21 silly currentTree │ ├── escape-string-regexp@1.0.5
21 silly currentTree │ ├── extend@3.0.0
21 silly currentTree │ ├── extsprintf@1.0.2
21 silly currentTree │ ├── forever-agent@0.6.1
21 silly currentTree │ ├── form-data@1.0.0-rc4
21 silly currentTree │ ├─┬ fstream-ignore@1.0.3
21 silly currentTree │ │ └─┬ minimatch@3.0.0
21 silly currentTree │ │   └─┬ brace-expansion@1.1.3
21 silly currentTree │ │     ├── balanced-match@0.3.0
21 silly currentTree │ │     └── concat-map@0.0.1
21 silly currentTree │ ├── fstream@1.0.8
21 silly currentTree │ ├── gauge@1.2.7
21 silly currentTree │ ├── generate-function@2.0.0
21 silly currentTree │ ├── generate-object-property@1.2.0
21 silly currentTree │ ├── graceful-fs@4.1.3
21 silly currentTree │ ├── graceful-readlink@1.0.1
21 silly currentTree │ ├── har-validator@2.0.6
21 silly currentTree │ ├── has-ansi@2.0.0
21 silly currentTree │ ├── has-unicode@2.0.0
21 silly currentTree │ ├── hawk@3.1.3
21 silly currentTree │ ├── hoek@2.16.3
21 silly currentTree │ ├── http-signature@1.1.1
21 silly currentTree │ ├── inherits@2.0.1
21 silly currentTree │ ├── ini@1.3.4
21 silly currentTree │ ├── is-my-json-valid@2.13.1
21 silly currentTree │ ├── is-property@1.0.2
21 silly currentTree │ ├── is-typedarray@1.0.0
21 silly currentTree │ ├── isarray@1.0.0
21 silly currentTree │ ├── isstream@0.1.2
21 silly currentTree │ ├── jodid25519@1.0.2
21 silly currentTree │ ├── jsbn@0.1.0
21 silly currentTree │ ├── json-schema@0.2.2
21 silly currentTree │ ├── json-stringify-safe@5.0.1
21 silly currentTree │ ├── jsonpointer@2.0.0
21 silly currentTree │ ├── jsprim@1.2.2
21 silly currentTree │ ├── lodash.pad@4.1.0
21 silly currentTree │ ├── lodash.padend@4.2.0
21 silly currentTree │ ├── lodash.padstart@4.2.0
21 silly currentTree │ ├── lodash.repeat@4.0.0
21 silly currentTree │ ├── lodash.tostring@4.1.2
21 silly currentTree │ ├── mime-db@1.22.0
21 silly currentTree │ ├── mime-types@2.1.10
21 silly currentTree │ ├── minimist@0.0.8
21 silly currentTree │ ├── mkdirp@0.5.1
21 silly currentTree │ ├── ms@0.7.1
21 silly currentTree │ ├─┬ node-pre-gyp@0.6.25
21 silly currentTree │ │ └─┬ nopt@3.0.6
21 silly currentTree │ │   └── abbrev@1.0.7
21 silly currentTree │ ├── node-uuid@1.4.7
21 silly currentTree │ ├── npmlog@2.0.3
21 silly currentTree │ ├── oauth-sign@0.8.1
21 silly currentTree │ ├── once@1.3.3
21 silly currentTree │ ├── pinkie-promise@2.0.0
21 silly currentTree │ ├── pinkie@2.0.4
21 silly currentTree │ ├── process-nextick-args@1.0.6
21 silly currentTree │ ├── qs@6.0.2
21 silly currentTree │ ├─┬ rc@1.1.6
21 silly currentTree │ │ └── minimist@1.2.0
21 silly currentTree │ ├── readable-stream@2.0.6
21 silly currentTree │ ├── request@2.69.0
21 silly currentTree │ ├─┬ rimraf@2.5.2
21 silly currentTree │ │ └─┬ glob@7.0.3
21 silly currentTree │ │   ├─┬ inflight@1.0.4
21 silly currentTree │ │   │ └── wrappy@1.0.1
21 silly currentTree │ │   ├── inherits@2.0.1
21 silly currentTree │ │   ├─┬ minimatch@3.0.0
21 silly currentTree │ │   │ └─┬ brace-expansion@1.1.3
21 silly currentTree │ │   │   ├── balanced-match@0.3.0
21 silly currentTree │ │   │   └── concat-map@0.0.1
21 silly currentTree │ │   ├─┬ once@1.3.3
21 silly currentTree │ │   │ └── wrappy@1.0.1
21 silly currentTree │ │   └── path-is-absolute@1.0.0
21 silly currentTree │ ├── semver@5.1.0
21 silly currentTree │ ├── sntp@1.0.9
21 silly currentTree │ ├── sshpk@1.7.4
21 silly currentTree │ ├── string_decoder@0.10.31
21 silly currentTree │ ├── stringstream@0.0.5
21 silly currentTree │ ├── strip-ansi@3.0.1
21 silly currentTree │ ├── strip-json-comments@1.0.4
21 silly currentTree │ ├── supports-color@2.0.0
21 silly currentTree │ ├── tar-pack@3.1.3
21 silly currentTree │ ├── tar@2.2.1
21 silly currentTree │ ├── tough-cookie@2.2.2
21 silly currentTree │ ├── tunnel-agent@0.4.2
21 silly currentTree │ ├── tweetnacl@0.14.3
21 silly currentTree │ ├── uid-number@0.0.6
21 silly currentTree │ ├── util-deprecate@1.0.2
21 silly currentTree │ ├── verror@1.3.6
21 silly currentTree │ ├── wrappy@1.0.1
21 silly currentTree │ └── xtend@4.0.1
21 silly currentTree ├── function-bind@1.1.0
21 silly currentTree ├── generate-function@2.0.0
21 silly currentTree ├── generate-object-property@1.2.0
21 silly currentTree ├── glob-base@0.3.0
21 silly currentTree ├── glob-parent@2.0.0
21 silly currentTree ├── glob@7.0.5
21 silly currentTree ├── got@5.6.0
21 silly currentTree ├── graceful-fs@4.1.4
21 silly currentTree ├── graceful-readlink@1.0.1
21 silly currentTree ├─┬ har-validator@2.0.6
21 silly currentTree │ ├── ansi-regex@2.0.0
21 silly currentTree │ ├── ansi-styles@2.2.1
21 silly currentTree │ ├── chalk@1.1.3
21 silly currentTree │ ├── commander@2.9.0
21 silly currentTree │ ├── has-ansi@2.0.0
21 silly currentTree │ ├── strip-ansi@3.0.1
21 silly currentTree │ └── supports-color@2.0.0
21 silly currentTree ├── has-ansi@0.1.0
21 silly currentTree ├─┬ has-binary@0.1.7
21 silly currentTree │ └── isarray@0.0.1
21 silly currentTree ├── has-cors@1.1.0
21 silly currentTree ├── has@1.0.1
21 silly currentTree ├── hawk@3.1.3
21 silly currentTree ├── hoek@2.16.3
21 silly currentTree ├── hosted-git-info@2.1.5
21 silly currentTree ├── http-errors@1.3.1
21 silly currentTree ├── http-proxy-agent@1.0.0
21 silly currentTree ├── http-proxy@1.13.3
21 silly currentTree ├── http-signature@0.11.0
21 silly currentTree ├── https-proxy-agent@1.0.0
21 silly currentTree ├── immutable@3.8.1
21 silly currentTree ├── imurmurhash@0.1.4
21 silly currentTree ├── indexof@0.0.1
21 silly currentTree ├── inflight@1.0.5
21 silly currentTree ├── inherits@2.0.1
21 silly currentTree ├── ini@1.3.4
21 silly currentTree ├── invariant@2.2.1
21 silly currentTree ├── invert-kv@1.0.0
21 silly currentTree ├── is-absolute@0.2.5
21 silly currentTree ├── is-arrayish@0.2.1
21 silly currentTree ├── is-binary-path@1.0.1
21 silly currentTree ├── is-buffer@1.1.3
21 silly currentTree ├── is-builtin-module@1.0.0
21 silly currentTree ├── is-dotfile@1.0.2
21 silly currentTree ├── is-equal-shallow@0.1.3
21 silly currentTree ├── is-extendable@0.1.1
21 silly currentTree ├── is-extglob@1.0.0
21 silly currentTree ├── is-finite@1.0.1
21 silly currentTree ├── is-fullwidth-code-point@1.0.0
21 silly currentTree ├── is-glob@2.0.1
21 silly currentTree ├── is-my-json-valid@2.13.1
21 silly currentTree ├── is-npm@1.0.0
21 silly currentTree ├── is-number@2.1.0
21 silly currentTree ├── is-obj@1.0.1
21 silly currentTree ├── is-plain-obj@1.1.0
21 silly currentTree ├── is-posix-bracket@0.1.1
21 silly currentTree ├── is-primitive@2.0.0
21 silly currentTree ├── is-property@1.0.2
21 silly currentTree ├── is-redirect@1.0.0
21 silly currentTree ├── is-relative@0.2.1
21 silly currentTree ├── is-retry-allowed@1.1.0
21 silly currentTree ├── is-stream@1.1.0
21 silly currentTree ├── is-unc-path@0.1.1
21 silly currentTree ├── is-utf8@0.2.1
21 silly currentTree ├── is-windows@0.1.1
21 silly currentTree ├── isarray@1.0.0
21 silly currentTree ├── isobject@2.1.0
21 silly currentTree ├── isstream@0.1.2
21 silly currentTree ├── js-tokens@1.0.3
21 silly currentTree ├── json-stringify-safe@5.0.1
21 silly currentTree ├── json3@3.2.6
21 silly currentTree ├── jsonfile@2.3.1
21 silly currentTree ├── jsonpointer@2.0.0
21 silly currentTree ├── kind-of@3.0.3
21 silly currentTree ├── klaw@1.3.0
21 silly currentTree ├── latest-version@2.0.0
21 silly currentTree ├── lazy-req@1.1.0
21 silly currentTree ├── lcid@1.0.0
21 silly currentTree ├── limiter@1.1.0
21 silly currentTree ├── listify@1.0.0
21 silly currentTree ├── lite-server@2.2.2
21 silly currentTree ├── load-json-file@1.1.0
21 silly currentTree ├─┬ localtunnel@1.8.1
21 silly currentTree │ └── yargs@3.29.0
21 silly currentTree ├── lockfile@1.0.1
21 silly currentTree ├── lodash.assign@4.0.9
21 silly currentTree ├── lodash.keys@4.0.7
21 silly currentTree ├── lodash.rest@4.0.3
21 silly currentTree ├── lodash@4.13.1
21 silly currentTree ├── loose-envify@1.2.0
21 silly currentTree ├── lowercase-keys@1.0.0
21 silly currentTree ├── lru-cache@2.7.3
21 silly currentTree ├── make-error-cause@1.1.1
21 silly currentTree ├── make-error@1.1.1
21 silly currentTree ├── micromatch@2.3.8
21 silly currentTree ├── mime-db@1.23.0
21 silly currentTree ├── mime-types@2.1.11
21 silly currentTree ├── mime@1.2.4
21 silly currentTree ├── minimatch@3.0.2
21 silly currentTree ├── minimist@1.2.0
21 silly currentTree ├── mkdirp@0.3.0
21 silly currentTree ├── moment@2.14.1
21 silly currentTree ├── ms@0.7.1
21 silly currentTree ├── nan@2.3.5
21 silly currentTree ├── negotiator@0.5.3
21 silly currentTree ├── node-status-codes@1.0.0
21 silly currentTree ├── node-uuid@1.4.7
21 silly currentTree ├── nopt@3.0.6
21 silly currentTree ├── normalize-package-data@2.3.5
21 silly currentTree ├── normalize-path@2.0.1
21 silly currentTree ├── number-is-nan@1.0.0
21 silly currentTree ├── oauth-sign@0.8.2
21 silly currentTree ├── object-assign@4.1.0
21 silly currentTree ├── object-component@0.0.3
21 silly currentTree ├── object-path@0.9.2
21 silly currentTree ├── object.omit@2.0.0
21 silly currentTree ├── object.pick@1.1.2
21 silly currentTree ├── on-finished@2.3.0
21 silly currentTree ├── once@1.3.3
21 silly currentTree ├── openurl@1.1.0
21 silly currentTree ├── opn@3.0.3
21 silly currentTree ├── options@0.0.6
21 silly currentTree ├── os-homedir@1.0.1
21 silly currentTree ├── os-locale@1.4.0
21 silly currentTree ├── os-tmpdir@1.0.1
21 silly currentTree ├── osenv@0.1.3
21 silly currentTree ├── package-json@2.3.3
21 silly currentTree ├── parse-glob@3.0.4
21 silly currentTree ├── parse-json@2.2.0
21 silly currentTree ├── parsejson@0.0.1
21 silly currentTree ├── parseqs@0.0.2
21 silly currentTree ├── parseuri@0.0.4
21 silly currentTree ├── parseurl@1.3.1
21 silly currentTree ├── path-exists@2.1.0
21 silly currentTree ├── path-is-absolute@1.0.0
21 silly currentTree ├── path-type@1.1.0
21 silly currentTree ├── pify@2.3.0
21 silly currentTree ├── pinkie-promise@2.0.1
21 silly currentTree ├── pinkie@2.0.4
21 silly currentTree ├── pkg-conf@1.1.3
21 silly currentTree ├── popsicle-proxy-agent@2.0.2
21 silly currentTree ├── popsicle-retry@3.2.1
21 silly currentTree ├── popsicle-status@2.0.0
21 silly currentTree ├─┬ popsicle@6.2.2
21 silly currentTree │ ├── async@0.9.2
21 silly currentTree │ ├── combined-stream@0.0.7
21 silly currentTree │ ├── delayed-stream@0.0.5
21 silly currentTree │ ├── form-data@0.2.0
21 silly currentTree │ ├── mime-db@1.12.0
21 silly currentTree │ └── mime-types@2.0.14
21 silly currentTree ├─┬ portscanner@1.0.0
21 silly currentTree │ └── async@0.1.15
21 silly currentTree ├── prepend-http@1.0.4
21 silly currentTree ├── preserve@0.2.0
21 silly currentTree ├── process-nextick-args@1.0.7
21 silly currentTree ├── promise-finally@2.2.1
21 silly currentTree ├── qs@6.2.0
21 silly currentTree ├── randomatic@1.1.5
21 silly currentTree ├── range-parser@1.0.3
21 silly currentTree ├── rc@1.1.6
21 silly currentTree ├── read-all-stream@3.1.0
21 silly currentTree ├── read-pkg-up@1.0.1
21 silly currentTree ├── read-pkg@1.1.0
21 silly currentTree ├── readable-stream@2.1.4
21 silly currentTree ├── readdirp@2.1.0
21 silly currentTree ├── reflect-metadata@0.1.3
21 silly currentTree ├── regex-cache@0.4.3
21 silly currentTree ├── registry-url@3.1.0
21 silly currentTree ├── repeat-element@1.1.2
21 silly currentTree ├── repeat-string@1.5.4
21 silly currentTree ├── repeating@2.0.1
21 silly currentTree ├─┬ request@2.65.0
21 silly currentTree │ └── qs@5.2.0
21 silly currentTree ├── require-main-filename@1.0.1
21 silly currentTree ├── requires-port@1.0.0
21 silly currentTree ├─┬ resp-modifier@6.0.1
21 silly currentTree │ └── minimatch@2.0.10
21 silly currentTree ├── rimraf@2.5.3
21 silly currentTree ├── rx@2.3.24
21 silly currentTree ├── rxjs@5.0.0-beta.6
21 silly currentTree ├── semver-diff@2.1.0
21 silly currentTree ├── semver@5.2.0
21 silly currentTree ├─┬ send@0.13.2
21 silly currentTree │ ├── mime@1.3.4
21 silly currentTree │ └── statuses@1.2.1
21 silly currentTree ├── serve-index@1.7.3
21 silly currentTree ├── serve-static@1.10.3
21 silly currentTree ├── server-destroy@1.0.1
21 silly currentTree ├── set-blocking@1.0.0
21 silly currentTree ├── set-immediate-shim@1.0.1
21 silly currentTree ├── slide@1.1.6
21 silly currentTree ├── sntp@1.0.9
21 silly currentTree ├─┬ socket.io-adapter@0.4.0
21 silly currentTree │ ├── isarray@0.0.1
21 silly currentTree │ └─┬ socket.io-parser@2.2.2
21 silly currentTree │   └── debug@0.7.4
21 silly currentTree ├─┬ socket.io-client@1.4.6
21 silly currentTree │ └── component-emitter@1.2.0
21 silly currentTree ├─┬ socket.io-parser@2.2.6
21 silly currentTree │ ├── isarray@0.0.1
21 silly currentTree │ └── json3@3.3.2
21 silly currentTree ├── socket.io@1.4.6
21 silly currentTree ├── sort-keys@1.1.2
21 silly currentTree ├── spdx-correct@1.0.2
21 silly currentTree ├── spdx-exceptions@1.0.4
21 silly currentTree ├── spdx-expression-parse@1.0.2
21 silly currentTree ├── spdx-license-ids@1.2.1
21 silly currentTree ├── statuses@1.3.0
21 silly currentTree ├── stream-throttle@0.1.3
21 silly currentTree ├── string_decoder@0.10.31
21 silly currentTree ├── string-template@1.0.0
21 silly currentTree ├─┬ string-width@1.0.1
21 silly currentTree │ ├── ansi-regex@2.0.0
21 silly currentTree │ └── strip-ansi@3.0.1
21 silly currentTree ├── stringstream@0.0.5
21 silly currentTree ├── strip-ansi@0.3.0
21 silly currentTree ├── strip-bom@2.0.0
21 silly currentTree ├── strip-json-comments@1.0.4
21 silly currentTree ├── supports-color@0.2.0
21 silly currentTree ├── symbol@0.2.3
21 silly currentTree ├── systemjs@0.19.27
21 silly currentTree ├─┬ tfunk@3.0.2
21 silly currentTree │ ├── ansi-regex@2.0.0
21 silly currentTree │ ├── ansi-styles@2.2.1
21 silly currentTree │ ├── chalk@1.1.3
21 silly currentTree │ ├── has-ansi@2.0.0
21 silly currentTree │ ├── strip-ansi@3.0.1
21 silly currentTree │ └── supports-color@2.0.0
21 silly currentTree ├── thenify@3.2.0
21 silly currentTree ├── throat@3.0.0
21 silly currentTree ├── throwback@1.1.1
21 silly currentTree ├── timed-out@2.0.0
21 silly currentTree ├── to-array@0.1.4
21 silly currentTree ├─┬ touch@1.0.0
21 silly currentTree │ └── nopt@1.0.10
21 silly currentTree ├── tough-cookie@2.2.2
21 silly currentTree ├── tunnel-agent@0.4.3
21 silly currentTree ├── typedarray@0.0.6
21 silly currentTree ├── typescript@1.8.10
21 silly currentTree ├─┬ typings-core@1.3.0
21 silly currentTree │ ├── minimist@0.0.8
21 silly currentTree │ ├── mkdirp@0.5.1
21 silly currentTree │ └── typescript@1.8.7
21 silly currentTree ├─┬ typings@1.3.1
21 silly currentTree │ ├── ansi-regex@2.0.0
21 silly currentTree │ ├── ansi-styles@2.2.1
21 silly currentTree │ ├── bluebird@3.4.1
21 silly currentTree │ ├── chalk@1.1.3
21 silly currentTree │ ├── has-ansi@2.0.0
21 silly currentTree │ ├── strip-ansi@3.0.1
21 silly currentTree │ └── supports-color@2.0.0
21 silly currentTree ├── ua-parser-js@0.7.10
21 silly currentTree ├── ultron@1.0.2
21 silly currentTree ├── unc-path-regex@0.1.2
21 silly currentTree ├── underscore@1.7.0
21 silly currentTree ├── unpipe@1.0.0
21 silly currentTree ├── unzip-response@1.0.0
21 silly currentTree ├─┬ update-notifier@1.0.2
21 silly currentTree │ ├── ansi-regex@2.0.0
21 silly currentTree │ ├── ansi-styles@2.2.1
21 silly currentTree │ ├── chalk@1.1.3
21 silly currentTree │ ├── has-ansi@2.0.0
21 silly currentTree │ ├── strip-ansi@3.0.1
21 silly currentTree │ └── supports-color@2.0.0
21 silly currentTree ├── url-parse-lax@1.0.0
21 silly currentTree ├── utf8@2.1.0
21 silly currentTree ├── util-deprecate@1.0.2
21 silly currentTree ├── utils-merge@1.0.0
21 silly currentTree ├── uuid@2.0.2
21 silly currentTree ├── validate-npm-package-license@3.0.1
21 silly currentTree ├── wcwidth@1.0.1
21 silly currentTree ├── weinre@2.0.0-pre-I0Z7U9OV
21 silly currentTree ├── when@3.7.7
21 silly currentTree ├── widest-line@1.0.0
21 silly currentTree ├── window-size@0.1.4
21 silly currentTree ├── wordwrap@1.0.0
21 silly currentTree ├── wrap-ansi@2.0.0
21 silly currentTree ├── wrappy@1.0.2
21 silly currentTree ├── write-file-atomic@1.1.4
21 silly currentTree ├── ws@1.0.1
21 silly currentTree ├── xdg-basedir@2.0.0
21 silly currentTree ├── xmlhttprequest-ssl@1.5.1
21 silly currentTree ├── xtend@4.0.1
21 silly currentTree ├── y18n@3.2.1
21 silly currentTree ├─┬ yargs-parser@2.4.0
21 silly currentTree │ └── camelcase@2.1.1
21 silly currentTree ├─┬ yargs@4.7.1
21 silly currentTree │ ├── camelcase@3.0.0
21 silly currentTree │ └── window-size@0.2.0
21 silly currentTree ├── yeast@0.1.2
21 silly currentTree ├── zip-object@0.1.0
21 silly currentTree └── zone.js@0.6.12
22 silly idealTree pskwebsite@1.0.0
22 silly idealTree ├── @angular/common@2.0.0-rc.4
22 silly idealTree ├── @angular/compiler@2.0.0-rc.4
22 silly idealTree ├── @angular/core@2.0.0-rc.4
22 silly idealTree ├── @angular/forms@0.2.0
22 silly idealTree ├── @angular/http@2.0.0-rc.4
22 silly idealTree ├── @angular/platform-browser-dynamic@2.0.0-rc.4
22 silly idealTree ├── @angular/platform-browser@2.0.0-rc.4
22 silly idealTree ├── @angular/router-deprecated@2.0.0-rc.2
22 silly idealTree ├── @angular/router@3.0.0-beta.1
22 silly idealTree ├── @angular/upgrade@2.0.0-rc.4
22 silly idealTree ├── abbrev@1.0.9
22 silly idealTree ├── accepts@1.2.13
22 silly idealTree ├── after@0.8.1
22 silly idealTree ├─┬ agent-base@2.0.1
22 silly idealTree │ └── semver@5.0.3
22 silly idealTree ├── angular2-in-memory-web-api@0.0.14
22 silly idealTree ├── ansi-align@1.1.0
22 silly idealTree ├── ansi-regex@0.2.1
22 silly idealTree ├── ansi-styles@1.1.0
22 silly idealTree ├── any-promise@1.3.0
22 silly idealTree ├── anymatch@1.3.0
22 silly idealTree ├── archy@1.0.0
22 silly idealTree ├── arr-diff@2.0.0
22 silly idealTree ├── arr-flatten@1.0.1
22 silly idealTree ├── array-uniq@1.0.3
22 silly idealTree ├── array-unique@0.2.1
22 silly idealTree ├── arraybuffer.slice@0.0.6
22 silly idealTree ├── arrify@1.0.1
22 silly idealTree ├── asn1@0.1.11
22 silly idealTree ├── assert-plus@0.1.5
22 silly idealTree ├── async-each-series@0.1.1
22 silly idealTree ├── async-each@1.0.0
22 silly idealTree ├── async@1.5.2
22 silly idealTree ├── aws-sign2@0.6.0
22 silly idealTree ├── backo2@1.0.2
22 silly idealTree ├── balanced-match@0.4.1
22 silly idealTree ├── base64-arraybuffer@0.1.2
22 silly idealTree ├── base64id@0.1.0
22 silly idealTree ├── batch@0.5.3
22 silly idealTree ├── benchmark@1.0.0
22 silly idealTree ├── better-assert@1.0.2
22 silly idealTree ├── binary-extensions@1.5.0
22 silly idealTree ├─┬ bl@1.0.3
22 silly idealTree │ └── readable-stream@2.0.6
22 silly idealTree ├── blob@0.0.4
22 silly idealTree ├── bluebird@2.9.6
22 silly idealTree ├── boom@2.10.1
22 silly idealTree ├── bootstrap@3.3.6
22 silly idealTree ├─┬ boxen@0.6.0
22 silly idealTree │ ├── ansi-regex@2.0.0
22 silly idealTree │ ├── ansi-styles@2.2.1
22 silly idealTree │ ├── camelcase@2.1.1
22 silly idealTree │ ├── chalk@1.1.3
22 silly idealTree │ ├── has-ansi@2.0.0
22 silly idealTree │ ├── strip-ansi@3.0.1
22 silly idealTree │ └── supports-color@2.0.0
22 silly idealTree ├── brace-expansion@1.1.5
22 silly idealTree ├── braces@1.8.5
22 silly idealTree ├── browser-sync-client@2.4.2
22 silly idealTree ├── browser-sync-ui@0.6.0
22 silly idealTree ├─┬ browser-sync@2.13.0
22 silly idealTree │ └── rx@4.1.0
22 silly idealTree ├── bs-recipes@1.2.2
22 silly idealTree ├── buffer-shims@1.0.0
22 silly idealTree ├── builtin-modules@1.1.1
22 silly idealTree ├── callsite@1.0.0
22 silly idealTree ├── camelcase@1.2.1
22 silly idealTree ├── capture-stack-trace@1.0.0
22 silly idealTree ├── caseless@0.11.0
22 silly idealTree ├── chalk@0.5.1
22 silly idealTree ├── chokidar@1.5.1
22 silly idealTree ├── cli-boxes@1.0.0
22 silly idealTree ├─┬ cliui@3.2.0
22 silly idealTree │ ├── ansi-regex@2.0.0
22 silly idealTree │ └── strip-ansi@3.0.1
22 silly idealTree ├── clone@1.0.2
22 silly idealTree ├── code-point-at@1.0.0
22 silly idealTree ├─┬ columnify@1.5.4
22 silly idealTree │ ├── ansi-regex@2.0.0
22 silly idealTree │ └── strip-ansi@3.0.1
22 silly idealTree ├── combined-stream@1.0.5
22 silly idealTree ├── commander@2.6.0
22 silly idealTree ├── component-bind@1.0.0
22 silly idealTree ├── component-emitter@1.1.2
22 silly idealTree ├── component-inherit@0.0.3
22 silly idealTree ├── concat-map@0.0.1
22 silly idealTree ├─┬ concat-stream@1.5.1
22 silly idealTree │ └── readable-stream@2.0.6
22 silly idealTree ├── concurrently@2.2.0
22 silly idealTree ├─┬ configstore@2.0.0
22 silly idealTree │ ├── minimist@0.0.8
22 silly idealTree │ └── mkdirp@0.5.1
22 silly idealTree ├── connect-history-api-fallback@1.2.0
22 silly idealTree ├── connect-logger@0.0.1
22 silly idealTree ├── connect@3.4.1
22 silly idealTree ├── core-js@2.4.0
22 silly idealTree ├── core-util-is@1.0.2
22 silly idealTree ├── create-error-class@3.0.2
22 silly idealTree ├── cross-spawn@0.2.9
22 silly idealTree ├── cryptiles@2.0.5
22 silly idealTree ├── ctype@0.5.3
22 silly idealTree ├── debug@2.2.0
22 silly idealTree ├── decamelize@1.2.0
22 silly idealTree ├── deep-extend@0.4.1
22 silly idealTree ├── defaults@1.0.3
22 silly idealTree ├── delayed-stream@1.0.0
22 silly idealTree ├── depd@1.1.0
22 silly idealTree ├── destroy@1.0.4
22 silly idealTree ├── detect-indent@4.0.0
22 silly idealTree ├── dev-ip@1.0.1
22 silly idealTree ├── dot-prop@2.4.0
22 silly idealTree ├── duplexer2@0.1.4
22 silly idealTree ├─┬ easy-extender@2.3.2
22 silly idealTree │ └── lodash@3.10.1
22 silly idealTree ├── eazy-logger@3.0.2
22 silly idealTree ├── ee-first@1.1.1
22 silly idealTree ├── emitter-steward@1.0.0
22 silly idealTree ├── engine.io-client@1.6.9
22 silly idealTree ├─┬ engine.io-parser@1.2.4
22 silly idealTree │ ├── has-binary@0.1.6
22 silly idealTree │ └── isarray@0.0.1
22 silly idealTree ├─┬ engine.io@1.6.9
22 silly idealTree │ ├── accepts@1.1.4
22 silly idealTree │ ├── mime-db@1.12.0
22 silly idealTree │ ├── mime-types@2.0.14
22 silly idealTree │ └── negotiator@0.4.9
22 silly idealTree ├── error-ex@1.3.0
22 silly idealTree ├── escape-html@1.0.3
22 silly idealTree ├── escape-string-regexp@1.0.5
22 silly idealTree ├── etag@1.7.0
22 silly idealTree ├── eventemitter3@1.2.0
22 silly idealTree ├── expand-brackets@0.1.5
22 silly idealTree ├── expand-range@1.8.2
22 silly idealTree ├─┬ express@2.5.11
22 silly idealTree │ ├── connect@1.9.2
22 silly idealTree │ └── qs@0.4.2
22 silly idealTree ├── extend@3.0.0
22 silly idealTree ├── extglob@0.3.2
22 silly idealTree ├── filename-regex@2.0.0
22 silly idealTree ├── fill-range@2.2.3
22 silly idealTree ├── filled-array@1.1.0
22 silly idealTree ├── finalhandler@0.4.1
22 silly idealTree ├── find-up@1.1.2
22 silly idealTree ├── for-in@0.1.5
22 silly idealTree ├── for-own@0.1.4
22 silly idealTree ├── forever-agent@0.6.1
22 silly idealTree ├── form-data@1.0.0-rc4
22 silly idealTree ├── formidable@1.0.17
22 silly idealTree ├── fresh@0.3.0
22 silly idealTree ├── fs-extra@0.26.7
22 silly idealTree ├── fs.realpath@1.0.0
22 silly idealTree ├─┬ fsevents@1.0.12
22 silly idealTree │ ├── ansi-regex@2.0.0
22 silly idealTree │ ├── ansi-styles@2.2.1
22 silly idealTree │ ├── ansi@0.3.1
22 silly idealTree │ ├── are-we-there-yet@1.1.2
22 silly idealTree │ ├── asn1@0.2.3
22 silly idealTree │ ├── assert-plus@0.2.0
22 silly idealTree │ ├── async@1.5.2
22 silly idealTree │ ├── aws-sign2@0.6.0
22 silly idealTree │ ├─┬ aws4@1.3.2
22 silly idealTree │ │ └─┬ lru-cache@4.0.1
22 silly idealTree │ │   ├── pseudomap@1.0.2
22 silly idealTree │ │   └── yallist@2.0.0
22 silly idealTree │ ├── bl@1.0.3
22 silly idealTree │ ├── block-stream@0.0.8
22 silly idealTree │ ├── boom@2.10.1
22 silly idealTree │ ├── caseless@0.11.0
22 silly idealTree │ ├── chalk@1.1.3
22 silly idealTree │ ├── combined-stream@1.0.5
22 silly idealTree │ ├── commander@2.9.0
22 silly idealTree │ ├── core-util-is@1.0.2
22 silly idealTree │ ├── cryptiles@2.0.5
22 silly idealTree │ ├─┬ dashdash@1.13.0
22 silly idealTree │ │ └── assert-plus@1.0.0
22 silly idealTree │ ├── debug@2.2.0
22 silly idealTree │ ├── deep-extend@0.4.1
22 silly idealTree │ ├── delayed-stream@1.0.0
22 silly idealTree │ ├── delegates@1.0.0
22 silly idealTree │ ├── ecc-jsbn@0.1.1
22 silly idealTree │ ├── escape-string-regexp@1.0.5
22 silly idealTree │ ├── extend@3.0.0
22 silly idealTree │ ├── extsprintf@1.0.2
22 silly idealTree │ ├── forever-agent@0.6.1
22 silly idealTree │ ├── form-data@1.0.0-rc4
22 silly idealTree │ ├─┬ fstream-ignore@1.0.3
22 silly idealTree │ │ └─┬ minimatch@3.0.0
22 silly idealTree │ │   └─┬ brace-expansion@1.1.3
22 silly idealTree │ │     ├── balanced-match@0.3.0
22 silly idealTree │ │     └── concat-map@0.0.1
22 silly idealTree │ ├── fstream@1.0.8
22 silly idealTree │ ├── gauge@1.2.7
22 silly idealTree │ ├── generate-function@2.0.0
22 silly idealTree │ ├── generate-object-property@1.2.0
22 silly idealTree │ ├── graceful-fs@4.1.3
22 silly idealTree │ ├── graceful-readlink@1.0.1
22 silly idealTree │ ├── har-validator@2.0.6
22 silly idealTree │ ├── has-ansi@2.0.0
22 silly idealTree │ ├── has-unicode@2.0.0
22 silly idealTree │ ├── hawk@3.1.3
22 silly idealTree │ ├── hoek@2.16.3
22 silly idealTree │ ├── http-signature@1.1.1
22 silly idealTree │ ├── inherits@2.0.1
22 silly idealTree │ ├── ini@1.3.4
22 silly idealTree │ ├── is-my-json-valid@2.13.1
22 silly idealTree │ ├── is-property@1.0.2
22 silly idealTree │ ├── is-typedarray@1.0.0
22 silly idealTree │ ├── isarray@1.0.0
22 silly idealTree │ ├── isstream@0.1.2
22 silly idealTree │ ├── jodid25519@1.0.2
22 silly idealTree │ ├── jsbn@0.1.0
22 silly idealTree │ ├── json-schema@0.2.2
22 silly idealTree │ ├── json-stringify-safe@5.0.1
22 silly idealTree │ ├── jsonpointer@2.0.0
22 silly idealTree │ ├── jsprim@1.2.2
22 silly idealTree │ ├── lodash.pad@4.1.0
22 silly idealTree │ ├── lodash.padend@4.2.0
22 silly idealTree │ ├── lodash.padstart@4.2.0
22 silly idealTree │ ├── lodash.repeat@4.0.0
22 silly idealTree │ ├── lodash.tostring@4.1.2
22 silly idealTree │ ├── mime-db@1.22.0
22 silly idealTree │ ├── mime-types@2.1.10
22 silly idealTree │ ├── minimist@0.0.8
22 silly idealTree │ ├── mkdirp@0.5.1
22 silly idealTree │ ├── ms@0.7.1
22 silly idealTree │ ├─┬ node-pre-gyp@0.6.25
22 silly idealTree │ │ └─┬ nopt@3.0.6
22 silly idealTree │ │   └── abbrev@1.0.7
22 silly idealTree │ ├── node-uuid@1.4.7
22 silly idealTree │ ├── npmlog@2.0.3
22 silly idealTree │ ├── oauth-sign@0.8.1
22 silly idealTree │ ├── once@1.3.3
22 silly idealTree │ ├── pinkie-promise@2.0.0
22 silly idealTree │ ├── pinkie@2.0.4
22 silly idealTree │ ├── process-nextick-args@1.0.6
22 silly idealTree │ ├── qs@6.0.2
22 silly idealTree │ ├─┬ rc@1.1.6
22 silly idealTree │ │ └── minimist@1.2.0
22 silly idealTree │ ├── readable-stream@2.0.6
22 silly idealTree │ ├── request@2.69.0
22 silly idealTree │ ├─┬ rimraf@2.5.2
22 silly idealTree │ │ └─┬ glob@7.0.3
22 silly idealTree │ │   ├─┬ inflight@1.0.4
22 silly idealTree │ │   │ └── wrappy@1.0.1
22 silly idealTree │ │   ├── inherits@2.0.1
22 silly idealTree │ │   ├─┬ minimatch@3.0.0
22 silly idealTree │ │   │ └─┬ brace-expansion@1.1.3
22 silly idealTree │ │   │   ├── balanced-match@0.3.0
22 silly idealTree │ │   │   └── concat-map@0.0.1
22 silly idealTree │ │   ├─┬ once@1.3.3
22 silly idealTree │ │   │ └── wrappy@1.0.1
22 silly idealTree │ │   └── path-is-absolute@1.0.0
22 silly idealTree │ ├── semver@5.1.0
22 silly idealTree │ ├── sntp@1.0.9
22 silly idealTree │ ├── sshpk@1.7.4
22 silly idealTree │ ├── string_decoder@0.10.31
22 silly idealTree │ ├── stringstream@0.0.5
22 silly idealTree │ ├── strip-ansi@3.0.1
22 silly idealTree │ ├── strip-json-comments@1.0.4
22 silly idealTree │ ├── supports-color@2.0.0
22 silly idealTree │ ├── tar-pack@3.1.3
22 silly idealTree │ ├── tar@2.2.1
22 silly idealTree │ ├── tough-cookie@2.2.2
22 silly idealTree │ ├── tunnel-agent@0.4.2
22 silly idealTree │ ├── tweetnacl@0.14.3
22 silly idealTree │ ├── uid-number@0.0.6
22 silly idealTree │ ├── util-deprecate@1.0.2
22 silly idealTree │ ├── verror@1.3.6
22 silly idealTree │ ├── wrappy@1.0.1
22 silly idealTree │ └── xtend@4.0.1
22 silly idealTree ├── function-bind@1.1.0
22 silly idealTree ├── generate-function@2.0.0
22 silly idealTree ├── generate-object-property@1.2.0
22 silly idealTree ├── glob-base@0.3.0
22 silly idealTree ├── glob-parent@2.0.0
22 silly idealTree ├── glob@7.0.5
22 silly idealTree ├── got@5.6.0
22 silly idealTree ├── graceful-fs@4.1.4
22 silly idealTree ├── graceful-readlink@1.0.1
22 silly idealTree ├─┬ har-validator@2.0.6
22 silly idealTree │ ├── ansi-regex@2.0.0
22 silly idealTree │ ├── ansi-styles@2.2.1
22 silly idealTree │ ├── chalk@1.1.3
22 silly idealTree │ ├── commander@2.9.0
22 silly idealTree │ ├── has-ansi@2.0.0
22 silly idealTree │ ├── strip-ansi@3.0.1
22 silly idealTree │ └── supports-color@2.0.0
22 silly idealTree ├── has-ansi@0.1.0
22 silly idealTree ├─┬ has-binary@0.1.7
22 silly idealTree │ └── isarray@0.0.1
22 silly idealTree ├── has-cors@1.1.0
22 silly idealTree ├── has@1.0.1
22 silly idealTree ├── hawk@3.1.3
22 silly idealTree ├── hoek@2.16.3
22 silly idealTree ├── hosted-git-info@2.1.5
22 silly idealTree ├── http-errors@1.3.1
22 silly idealTree ├── http-proxy-agent@1.0.0
22 silly idealTree ├── http-proxy@1.13.3
22 silly idealTree ├── http-signature@0.11.0
22 silly idealTree ├── https-proxy-agent@1.0.0
22 silly idealTree ├── immutable@3.8.1
22 silly idealTree ├── imurmurhash@0.1.4
22 silly idealTree ├── indexof@0.0.1
22 silly idealTree ├── inflight@1.0.5
22 silly idealTree ├── inherits@2.0.1
22 silly idealTree ├── ini@1.3.4
22 silly idealTree ├── invariant@2.2.1
22 silly idealTree ├── invert-kv@1.0.0
22 silly idealTree ├── is-absolute@0.2.5
22 silly idealTree ├── is-arrayish@0.2.1
22 silly idealTree ├── is-binary-path@1.0.1
22 silly idealTree ├── is-buffer@1.1.3
22 silly idealTree ├── is-builtin-module@1.0.0
22 silly idealTree ├── is-dotfile@1.0.2
22 silly idealTree ├── is-equal-shallow@0.1.3
22 silly idealTree ├── is-extendable@0.1.1
22 silly idealTree ├── is-extglob@1.0.0
22 silly idealTree ├── is-finite@1.0.1
22 silly idealTree ├── is-fullwidth-code-point@1.0.0
22 silly idealTree ├── is-glob@2.0.1
22 silly idealTree ├── is-my-json-valid@2.13.1
22 silly idealTree ├── is-npm@1.0.0
22 silly idealTree ├── is-number@2.1.0
22 silly idealTree ├── is-obj@1.0.1
22 silly idealTree ├── is-plain-obj@1.1.0
22 silly idealTree ├── is-posix-bracket@0.1.1
22 silly idealTree ├── is-primitive@2.0.0
22 silly idealTree ├── is-property@1.0.2
22 silly idealTree ├── is-redirect@1.0.0
22 silly idealTree ├── is-relative@0.2.1
22 silly idealTree ├── is-retry-allowed@1.1.0
22 silly idealTree ├── is-stream@1.1.0
22 silly idealTree ├── is-unc-path@0.1.1
22 silly idealTree ├── is-utf8@0.2.1
22 silly idealTree ├── is-windows@0.1.1
22 silly idealTree ├── isarray@1.0.0
22 silly idealTree ├── isobject@2.1.0
22 silly idealTree ├── isstream@0.1.2
22 silly idealTree ├── js-tokens@1.0.3
22 silly idealTree ├── json-stringify-safe@5.0.1
22 silly idealTree ├── json3@3.2.6
22 silly idealTree ├── jsonfile@2.3.1
22 silly idealTree ├── jsonpointer@2.0.0
22 silly idealTree ├── kind-of@3.0.3
22 silly idealTree ├── klaw@1.3.0
22 silly idealTree ├── latest-version@2.0.0
22 silly idealTree ├── lazy-req@1.1.0
22 silly idealTree ├── lcid@1.0.0
22 silly idealTree ├── limiter@1.1.0
22 silly idealTree ├── listify@1.0.0
22 silly idealTree ├── lite-server@2.2.2
22 silly idealTree ├── load-json-file@1.1.0
22 silly idealTree ├─┬ localtunnel@1.8.1
22 silly idealTree │ └── yargs@3.29.0
22 silly idealTree ├── lockfile@1.0.1
22 silly idealTree ├── lodash.assign@4.0.9
22 silly idealTree ├── lodash.keys@4.0.7
22 silly idealTree ├── lodash.rest@4.0.3
22 silly idealTree ├── lodash@4.13.1
22 silly idealTree ├── loose-envify@1.2.0
22 silly idealTree ├── lowercase-keys@1.0.0
22 silly idealTree ├── lru-cache@2.7.3
22 silly idealTree ├── make-error-cause@1.1.1
22 silly idealTree ├── make-error@1.1.1
22 silly idealTree ├── micromatch@2.3.8
22 silly idealTree ├── mime-db@1.23.0
22 silly idealTree ├── mime-types@2.1.11
22 silly idealTree ├── mime@1.2.4
22 silly idealTree ├── minimatch@3.0.2
22 silly idealTree ├── minimist@1.2.0
22 silly idealTree ├── mkdirp@0.3.0
22 silly idealTree ├── moment@2.14.1
22 silly idealTree ├── ms@0.7.1
22 silly idealTree ├── nan@2.3.5
22 silly idealTree ├── negotiator@0.5.3
22 silly idealTree ├── node-status-codes@1.0.0
22 silly idealTree ├── node-uuid@1.4.7
22 silly idealTree ├── nopt@3.0.6
22 silly idealTree ├── normalize-package-data@2.3.5
22 silly idealTree ├── normalize-path@2.0.1
22 silly idealTree ├── number-is-nan@1.0.0
22 silly idealTree ├── oauth-sign@0.8.2
22 silly idealTree ├── object-assign@4.1.0
22 silly idealTree ├── object-component@0.0.3
22 silly idealTree ├── object-path@0.9.2
22 silly idealTree ├── object.omit@2.0.0
22 silly idealTree ├── object.pick@1.1.2
22 silly idealTree ├── on-finished@2.3.0
22 silly idealTree ├── once@1.3.3
22 silly idealTree ├── openurl@1.1.0
22 silly idealTree ├── opn@3.0.3
22 silly idealTree ├── options@0.0.6
22 silly idealTree ├── os-homedir@1.0.1
22 silly idealTree ├── os-locale@1.4.0
22 silly idealTree ├── os-tmpdir@1.0.1
22 silly idealTree ├── osenv@0.1.3
22 silly idealTree ├── package-json@2.3.3
22 silly idealTree ├── parse-glob@3.0.4
22 silly idealTree ├── parse-json@2.2.0
22 silly idealTree ├── parsejson@0.0.1
22 silly idealTree ├── parseqs@0.0.2
22 silly idealTree ├── parseuri@0.0.4
22 silly idealTree ├── parseurl@1.3.1
22 silly idealTree ├── path-exists@2.1.0
22 silly idealTree ├── path-is-absolute@1.0.0
22 silly idealTree ├── path-type@1.1.0
22 silly idealTree ├── pify@2.3.0
22 silly idealTree ├── pinkie-promise@2.0.1
22 silly idealTree ├── pinkie@2.0.4
22 silly idealTree ├── pkg-conf@1.1.3
22 silly idealTree ├── popsicle-proxy-agent@2.0.2
22 silly idealTree ├── popsicle-retry@3.2.1
22 silly idealTree ├── popsicle-status@2.0.0
22 silly idealTree ├─┬ popsicle@6.2.2
22 silly idealTree │ ├── async@0.9.2
22 silly idealTree │ ├── combined-stream@0.0.7
22 silly idealTree │ ├── delayed-stream@0.0.5
22 silly idealTree │ ├── form-data@0.2.0
22 silly idealTree │ ├── mime-db@1.12.0
22 silly idealTree │ └── mime-types@2.0.14
22 silly idealTree ├─┬ portscanner@1.0.0
22 silly idealTree │ └── async@0.1.15
22 silly idealTree ├── prepend-http@1.0.4
22 silly idealTree ├── preserve@0.2.0
22 silly idealTree ├── process-nextick-args@1.0.7
22 silly idealTree ├── promise-finally@2.2.1
22 silly idealTree ├── qs@6.2.0
22 silly idealTree ├── randomatic@1.1.5
22 silly idealTree ├── range-parser@1.0.3
22 silly idealTree ├── rc@1.1.6
22 silly idealTree ├── read-all-stream@3.1.0
22 silly idealTree ├── read-pkg-up@1.0.1
22 silly idealTree ├── read-pkg@1.1.0
22 silly idealTree ├── readable-stream@2.1.4
22 silly idealTree ├── readdirp@2.1.0
22 silly idealTree ├── reflect-metadata@0.1.3
22 silly idealTree ├── regex-cache@0.4.3
22 silly idealTree ├── registry-url@3.1.0
22 silly idealTree ├── repeat-element@1.1.2
22 silly idealTree ├── repeat-string@1.5.4
22 silly idealTree ├── repeating@2.0.1
22 silly idealTree ├─┬ request@2.65.0
22 silly idealTree │ └── qs@5.2.0
22 silly idealTree ├── require-main-filename@1.0.1
22 silly idealTree ├── requires-port@1.0.0
22 silly idealTree ├─┬ resp-modifier@6.0.1
22 silly idealTree │ └── minimatch@2.0.10
22 silly idealTree ├── rimraf@2.5.3
22 silly idealTree ├── rx@2.3.24
22 silly idealTree ├── rxjs@5.0.0-beta.6
22 silly idealTree ├── semver-diff@2.1.0
22 silly idealTree ├── semver@5.2.0
22 silly idealTree ├─┬ send@0.13.2
22 silly idealTree │ ├── mime@1.3.4
22 silly idealTree │ └── statuses@1.2.1
22 silly idealTree ├── serve-index@1.7.3
22 silly idealTree ├── serve-static@1.10.3
22 silly idealTree ├── server-destroy@1.0.1
22 silly idealTree ├── set-blocking@1.0.0
22 silly idealTree ├── set-immediate-shim@1.0.1
22 silly idealTree ├── slide@1.1.6
22 silly idealTree ├── sntp@1.0.9
22 silly idealTree ├─┬ socket.io-adapter@0.4.0
22 silly idealTree │ ├── isarray@0.0.1
22 silly idealTree │ └─┬ socket.io-parser@2.2.2
22 silly idealTree │   └── debug@0.7.4
22 silly idealTree ├─┬ socket.io-client@1.4.6
22 silly idealTree │ └── component-emitter@1.2.0
22 silly idealTree ├─┬ socket.io-parser@2.2.6
22 silly idealTree │ ├── isarray@0.0.1
22 silly idealTree │ └── json3@3.3.2
22 silly idealTree ├── socket.io@1.4.6
22 silly idealTree ├── sort-keys@1.1.2
22 silly idealTree ├── spdx-correct@1.0.2
22 silly idealTree ├── spdx-exceptions@1.0.4
22 silly idealTree ├── spdx-expression-parse@1.0.2
22 silly idealTree ├── spdx-license-ids@1.2.1
22 silly idealTree ├── statuses@1.3.0
22 silly idealTree ├── stream-throttle@0.1.3
22 silly idealTree ├── string_decoder@0.10.31
22 silly idealTree ├── string-template@1.0.0
22 silly idealTree ├─┬ string-width@1.0.1
22 silly idealTree │ ├── ansi-regex@2.0.0
22 silly idealTree │ └── strip-ansi@3.0.1
22 silly idealTree ├── stringstream@0.0.5
22 silly idealTree ├── strip-ansi@0.3.0
22 silly idealTree ├── strip-bom@2.0.0
22 silly idealTree ├── strip-json-comments@1.0.4
22 silly idealTree ├── supports-color@0.2.0
22 silly idealTree ├── symbol@0.2.3
22 silly idealTree ├── systemjs@0.19.27
22 silly idealTree ├─┬ tfunk@3.0.2
22 silly idealTree │ ├── ansi-regex@2.0.0
22 silly idealTree │ ├── ansi-styles@2.2.1
22 silly idealTree │ ├── chalk@1.1.3
22 silly idealTree │ ├── has-ansi@2.0.0
22 silly idealTree │ ├── strip-ansi@3.0.1
22 silly idealTree │ └── supports-color@2.0.0
22 silly idealTree ├── thenify@3.2.0
22 silly idealTree ├── throat@3.0.0
22 silly idealTree ├── throwback@1.1.1
22 silly idealTree ├── timed-out@2.0.0
22 silly idealTree ├── to-array@0.1.4
22 silly idealTree ├─┬ touch@1.0.0
22 silly idealTree │ └── nopt@1.0.10
22 silly idealTree ├── tough-cookie@2.2.2
22 silly idealTree ├── tunnel-agent@0.4.3
22 silly idealTree ├── typedarray@0.0.6
22 silly idealTree ├── typescript@1.8.10
22 silly idealTree ├─┬ typings-core@1.3.0
22 silly idealTree │ ├── minimist@0.0.8
22 silly idealTree │ ├── mkdirp@0.5.1
22 silly idealTree │ └── typescript@1.8.7
22 silly idealTree ├─┬ typings@1.3.1
22 silly idealTree │ ├── ansi-regex@2.0.0
22 silly idealTree │ ├── ansi-styles@2.2.1
22 silly idealTree │ ├── bluebird@3.4.1
22 silly idealTree │ ├── chalk@1.1.3
22 silly idealTree │ ├── has-ansi@2.0.0
22 silly idealTree │ ├── strip-ansi@3.0.1
22 silly idealTree │ └── supports-color@2.0.0
22 silly idealTree ├── ua-parser-js@0.7.10
22 silly idealTree ├── ultron@1.0.2
22 silly idealTree ├── unc-path-regex@0.1.2
22 silly idealTree ├── underscore@1.7.0
22 silly idealTree ├── unpipe@1.0.0
22 silly idealTree ├── unzip-response@1.0.0
22 silly idealTree ├─┬ update-notifier@1.0.2
22 silly idealTree │ ├── ansi-regex@2.0.0
22 silly idealTree │ ├── ansi-styles@2.2.1
22 silly idealTree │ ├── chalk@1.1.3
22 silly idealTree │ ├── has-ansi@2.0.0
22 silly idealTree │ ├── strip-ansi@3.0.1
22 silly idealTree │ └── supports-color@2.0.0
22 silly idealTree ├── url-parse-lax@1.0.0
22 silly idealTree ├── utf8@2.1.0
22 silly idealTree ├── util-deprecate@1.0.2
22 silly idealTree ├── utils-merge@1.0.0
22 silly idealTree ├── uuid@2.0.2
22 silly idealTree ├── validate-npm-package-license@3.0.1
22 silly idealTree ├── wcwidth@1.0.1
22 silly idealTree ├── weinre@2.0.0-pre-I0Z7U9OV
22 silly idealTree ├── when@3.7.7
22 silly idealTree ├── widest-line@1.0.0
22 silly idealTree ├── window-size@0.1.4
22 silly idealTree ├── wordwrap@1.0.0
22 silly idealTree ├── wrap-ansi@2.0.0
22 silly idealTree ├── wrappy@1.0.2
22 silly idealTree ├── write-file-atomic@1.1.4
22 silly idealTree ├── ws@1.0.1
22 silly idealTree ├── xdg-basedir@2.0.0
22 silly idealTree ├── xmlhttprequest-ssl@1.5.1
22 silly idealTree ├── xtend@4.0.1
22 silly idealTree ├── y18n@3.2.1
22 silly idealTree ├─┬ yargs-parser@2.4.0
22 silly idealTree │ └── camelcase@2.1.1
22 silly idealTree ├─┬ yargs@4.7.1
22 silly idealTree │ ├── camelcase@3.0.0
22 silly idealTree │ └── window-size@0.2.0
22 silly idealTree ├── yeast@0.1.2
22 silly idealTree ├── zip-object@0.1.0
22 silly idealTree └── zone.js@0.6.12
23 silly generateActionsToTake Starting
24 silly install generateActionsToTake
25 silly generateActionsToTake Finishing
26 silly diffTrees action count 0
27 silly decomposeActions action count 0
28 silly executeActions Starting
29 silly install executeActions
30 silly doSerial global-install 0
31 silly doParallel fetch 0
32 verbose correctMkdir /Users/michaeltraub/.npm/_locks correctMkdir not in flight; initializing
33 verbose lock using /Users/michaeltraub/.npm/_locks/staging-bd3269dbfab0cd37.lock for /Users/michaeltraub/pskwebsite/draft/node_modules/.staging
34 silly doParallel extract 0
35 silly doParallel preinstall 0
36 silly doReverseSerial remove 0
37 silly doSerial move 0
38 silly doSerial finalize 0
39 silly doSerial build 0
40 silly doSerial global-link 0
41 silly doParallel update-linked 0
42 silly doSerial install 0
43 silly doSerial postinstall 0
44 verbose unlock done using /Users/michaeltraub/.npm/_locks/staging-bd3269dbfab0cd37.lock for /Users/michaeltraub/pskwebsite/draft/node_modules/.staging
45 silly executeActions Finishing
46 silly rollbackFailedOptional Starting
47 silly rollbackFailedOptional Finishing
48 silly runTopLevelLifecycles Starting
49 silly install runTopLevelLifecycles
50 silly preinstall pskwebsite@1.0.0 /Users/michaeltraub/pskwebsite/draft/pskwebsite-e801b256
51 info lifecycle pskwebsite@1.0.0~preinstall: pskwebsite@1.0.0
52 silly lifecycle pskwebsite@1.0.0~preinstall: no script for preinstall, continuing
53 silly build pskwebsite@1.0.0
54 info linkStuff pskwebsite@1.0.0
55 silly linkStuff pskwebsite@1.0.0 has /Users/michaeltraub/pskwebsite as its parent node_modules
56 verbose linkBins pskwebsite@1.0.0
57 verbose linkMans pskwebsite@1.0.0
58 silly install pskwebsite@1.0.0 /Users/michaeltraub/pskwebsite/draft/pskwebsite-e801b256
59 info lifecycle pskwebsite@1.0.0~install: pskwebsite@1.0.0
60 silly lifecycle pskwebsite@1.0.0~install: no script for install, continuing
61 silly postinstall pskwebsite@1.0.0 /Users/michaeltraub/pskwebsite/draft/pskwebsite-e801b256
62 info lifecycle pskwebsite@1.0.0~postinstall: pskwebsite@1.0.0
63 verbose lifecycle pskwebsite@1.0.0~postinstall: unsafe-perm in lifecycle true
64 verbose lifecycle pskwebsite@1.0.0~postinstall: PATH: /usr/local/lib/node_modules/npm/bin/node-gyp-bin:/Users/michaeltraub/pskwebsite/draft/node_modules/.bin:/usr/local/Cellar/node/6.3.0/bin:/usr/local/bin:/Users/michaeltraub/anaconda/bin:/usr/local/bin:/usr/bin:/bin:/usr/sbin:/sbin:/opt/X11/bin:/Library/TeX/texbin
65 verbose lifecycle pskwebsite@1.0.0~postinstall: CWD: /Users/michaeltraub/pskwebsite/draft
66 silly lifecycle pskwebsite@1.0.0~postinstall: Args: [ '-c', 'typings install' ]
67 silly lifecycle pskwebsite@1.0.0~postinstall: Returned: code: 1  signal: null
68 info lifecycle pskwebsite@1.0.0~postinstall: Failed to exec postinstall script
69 warn pskwebsite@1.0.0 No description
70 warn pskwebsite@1.0.0 No repository field.
71 verbose stack Error: pskwebsite@1.0.0 postinstall: `typings install`
71 verbose stack Exit status 1
71 verbose stack     at EventEmitter.<anonymous> (/usr/local/lib/node_modules/npm/lib/utils/lifecycle.js:242:16)
71 verbose stack     at emitTwo (events.js:106:13)
71 verbose stack     at EventEmitter.emit (events.js:191:7)
71 verbose stack     at ChildProcess.<anonymous> (/usr/local/lib/node_modules/npm/lib/utils/spawn.js:40:14)
71 verbose stack     at emitTwo (events.js:106:13)
71 verbose stack     at ChildProcess.emit (events.js:191:7)
71 verbose stack     at maybeClose (internal/child_process.js:852:16)
71 verbose stack     at Process.ChildProcess._handle.onexit (internal/child_process.js:215:5)
72 verbose pkgid pskwebsite@1.0.0
73 verbose cwd /Users/michaeltraub/pskwebsite/draft
74 error Darwin 15.5.0
75 error argv "/usr/local/Cellar/node/6.3.0/bin/node" "/usr/local/bin/npm" "install"
76 error node v6.3.0
77 error npm  v3.10.5
78 error code ELIFECYCLE
79 error pskwebsite@1.0.0 postinstall: `typings install`
79 error Exit status 1
80 error Failed at the pskwebsite@1.0.0 postinstall script 'typings install'.
80 error Make sure you have the latest version of node.js and npm installed.
80 error If you do, this is most likely a problem with the pskwebsite package,
80 error not with npm itself.
80 error Tell the author that this fails on your system:
80 error     typings install
80 error You can get information on how to open an issue for this project with:
80 error     npm bugs pskwebsite
80 error Or if that isn't available, you can get their info via:
80 error     npm owner ls pskwebsite
80 error There is likely additional logging output above.
81 verbose exit [ 1, true ]
